<?xml version="1.0" encoding="UTF-8"?>
<!-- Generated by org.testng.reporters.JUnitXMLReporter -->
<testsuite ignored="0" hostname="LAPTOP-TM9QH1A6" failures="0" tests="5" name="Default test" time="53.434" errors="0" timestamp="2022-06-10T21:57:34 IST">
  <testcase classname="testAnnotations.DataProviderCode" name="loginToActiTime" time="8.161"/>
  <testcase classname="testAnnotations.DataProviderCode" name="loginToActiTime" time="8.147"/>
  <testcase classname="testAnnotations.DataProviderCode" name="loginToActiTime" time="8.139"/>
  <testcase classname="testAnnotations.DataProviderCode" name="loginToActiTime" time="8.132"/>
  <testcase classname="testAnnotations.DataProviderCode" name="loginToActiTime" time="8.133"/>
</testsuite> <!-- Default test -->
