<?xml version="1.0" encoding="UTF-8"?>
<testng-results ignored="0" total="5" passed="5" failed="0" skipped="0">
  <reporter-output>
  </reporter-output>
  <suite started-at="2022-06-10T21:56:40 IST" name="Default suite" finished-at="2022-06-10T21:57:34 IST" duration-ms="53434">
    <groups>
    </groups>
    <test started-at="2022-06-10T21:56:40 IST" name="Default test" finished-at="2022-06-10T21:57:34 IST" duration-ms="53434">
      <class name="testAnnotations.DataProviderCode">
        <test-method is-config="true" signature="setUp()[pri:0, instance:testAnnotations.DataProviderCode@cad498c]" started-at="2022-06-10T21:56:40 IST" name="setUp" finished-at="2022-06-10T21:56:43 IST" duration-ms="2823" status="PASS">
          <reporter-output>
          </reporter-output>
        </test-method> <!-- setUp -->
        <test-method signature="loginToActiTime(java.lang.String,java.lang.String)[pri:0, instance:testAnnotations.DataProviderCode@cad498c]" started-at="2022-06-10T21:56:43 IST" name="loginToActiTime" data-provider="testActiTimeData" finished-at="2022-06-10T21:56:51 IST" duration-ms="8161" status="PASS">
          <params>
            <param index="0">
              <value>
                <![CDATA[admin1]]>
              </value>
            </param>
            <param index="1">
              <value>
                <![CDATA[manager123]]>
              </value>
            </param>
          </params>
          <reporter-output>
          </reporter-output>
        </test-method> <!-- loginToActiTime -->
        <test-method is-config="true" signature="tearDown()[pri:0, instance:testAnnotations.DataProviderCode@cad498c]" started-at="2022-06-10T21:56:51 IST" name="tearDown" finished-at="2022-06-10T21:56:52 IST" duration-ms="188" status="PASS">
          <reporter-output>
          </reporter-output>
        </test-method> <!-- tearDown -->
        <test-method is-config="true" signature="setUp()[pri:0, instance:testAnnotations.DataProviderCode@cad498c]" started-at="2022-06-10T21:56:52 IST" name="setUp" finished-at="2022-06-10T21:56:54 IST" duration-ms="2197" status="PASS">
          <reporter-output>
          </reporter-output>
        </test-method> <!-- setUp -->
        <test-method signature="loginToActiTime(java.lang.String,java.lang.String)[pri:0, instance:testAnnotations.DataProviderCode@cad498c]" started-at="2022-06-10T21:56:54 IST" name="loginToActiTime" data-provider="testActiTimeData" finished-at="2022-06-10T21:57:02 IST" duration-ms="8147" status="PASS">
          <params>
            <param index="0">
              <value>
                <![CDATA[ad min]]>
              </value>
            </param>
            <param index="1">
              <value>
                <![CDATA[manager123]]>
              </value>
            </param>
          </params>
          <reporter-output>
          </reporter-output>
        </test-method> <!-- loginToActiTime -->
        <test-method is-config="true" signature="tearDown()[pri:0, instance:testAnnotations.DataProviderCode@cad498c]" started-at="2022-06-10T21:57:02 IST" name="tearDown" finished-at="2022-06-10T21:57:02 IST" duration-ms="246" status="PASS">
          <reporter-output>
          </reporter-output>
        </test-method> <!-- tearDown -->
        <test-method is-config="true" signature="setUp()[pri:0, instance:testAnnotations.DataProviderCode@cad498c]" started-at="2022-06-10T21:57:02 IST" name="setUp" finished-at="2022-06-10T21:57:04 IST" duration-ms="2274" status="PASS">
          <reporter-output>
          </reporter-output>
        </test-method> <!-- setUp -->
        <test-method signature="loginToActiTime(java.lang.String,java.lang.String)[pri:0, instance:testAnnotations.DataProviderCode@cad498c]" started-at="2022-06-10T21:57:04 IST" name="loginToActiTime" data-provider="testActiTimeData" finished-at="2022-06-10T21:57:13 IST" duration-ms="8139" status="PASS">
          <params>
            <param index="0">
              <value>
                <![CDATA[xyz123]]>
              </value>
            </param>
            <param index="1">
              <value>
                <![CDATA[$#4123]]>
              </value>
            </param>
          </params>
          <reporter-output>
          </reporter-output>
        </test-method> <!-- loginToActiTime -->
        <test-method is-config="true" signature="tearDown()[pri:0, instance:testAnnotations.DataProviderCode@cad498c]" started-at="2022-06-10T21:57:13 IST" name="tearDown" finished-at="2022-06-10T21:57:13 IST" duration-ms="175" status="PASS">
          <reporter-output>
          </reporter-output>
        </test-method> <!-- tearDown -->
        <test-method is-config="true" signature="setUp()[pri:0, instance:testAnnotations.DataProviderCode@cad498c]" started-at="2022-06-10T21:57:13 IST" name="setUp" finished-at="2022-06-10T21:57:15 IST" duration-ms="2180" status="PASS">
          <reporter-output>
          </reporter-output>
        </test-method> <!-- setUp -->
        <test-method signature="loginToActiTime(java.lang.String,java.lang.String)[pri:0, instance:testAnnotations.DataProviderCode@cad498c]" started-at="2022-06-10T21:57:15 IST" name="loginToActiTime" data-provider="testActiTimeData" finished-at="2022-06-10T21:57:23 IST" duration-ms="8132" status="PASS">
          <params>
            <param index="0">
              <value>
                <![CDATA[123]]>
              </value>
            </param>
            <param index="1">
              <value>
                <![CDATA[admin]]>
              </value>
            </param>
          </params>
          <reporter-output>
          </reporter-output>
        </test-method> <!-- loginToActiTime -->
        <test-method is-config="true" signature="tearDown()[pri:0, instance:testAnnotations.DataProviderCode@cad498c]" started-at="2022-06-10T21:57:23 IST" name="tearDown" finished-at="2022-06-10T21:57:23 IST" duration-ms="172" status="PASS">
          <reporter-output>
          </reporter-output>
        </test-method> <!-- tearDown -->
        <test-method is-config="true" signature="setUp()[pri:0, instance:testAnnotations.DataProviderCode@cad498c]" started-at="2022-06-10T21:57:23 IST" name="setUp" finished-at="2022-06-10T21:57:25 IST" duration-ms="2171" status="PASS">
          <reporter-output>
          </reporter-output>
        </test-method> <!-- setUp -->
        <test-method signature="loginToActiTime(java.lang.String,java.lang.String)[pri:0, instance:testAnnotations.DataProviderCode@cad498c]" started-at="2022-06-10T21:57:25 IST" name="loginToActiTime" data-provider="testActiTimeData" finished-at="2022-06-10T21:57:34 IST" duration-ms="8133" status="PASS">
          <params>
            <param index="0">
              <value>
                <![CDATA[123]]>
              </value>
            </param>
            <param index="1">
              <value>
                <![CDATA[admin]]>
              </value>
            </param>
          </params>
          <reporter-output>
          </reporter-output>
        </test-method> <!-- loginToActiTime -->
        <test-method is-config="true" signature="tearDown()[pri:0, instance:testAnnotations.DataProviderCode@cad498c]" started-at="2022-06-10T21:57:34 IST" name="tearDown" finished-at="2022-06-10T21:57:34 IST" duration-ms="244" status="PASS">
          <reporter-output>
          </reporter-output>
        </test-method> <!-- tearDown -->
      </class> <!-- testAnnotations.DataProviderCode -->
    </test> <!-- Default test -->
  </suite> <!-- Default suite -->
</testng-results>
